Performing C SOURCE FILE Test CMAKE_HAVE_LIBC_PTHREAD failed with the following output:
Change Dir: /home/lemome/Projets/tinywings/cmake-build-release/CMakeFiles/CMakeTmp

Run Build Command(s):/usr/bin/make cmTC_b2cbf/fast && /usr/bin/make  -f CMakeFiles/cmTC_b2cbf.dir/build.make CMakeFiles/cmTC_b2cbf.dir/build
make[1] : on entre dans le répertoire « /home/lemome/Projets/tinywings/cmake-build-release/CMakeFiles/CMakeTmp »
Building C object CMakeFiles/cmTC_b2cbf.dir/src.c.o
/usr/bin/cc -DCMAKE_HAVE_LIBC_PTHREAD  -fno-strict-aliasing -Werror=implicit-function-declaration -Werror=pointer-arith   -o CMakeFiles/cmTC_b2cbf.dir/src.c.o -c /home/lemome/Projets/tinywings/cmake-build-release/CMakeFiles/CMakeTmp/src.c
Linking C executable cmTC_b2cbf
/home/lemome/.local/share/JetBrains/Toolbox/apps/CLion/ch-0/211.6693.114/bin/cmake/linux/bin/cmake -E cmake_link_script CMakeFiles/cmTC_b2cbf.dir/link.txt --verbose=1
/usr/bin/cc -fno-strict-aliasing -Werror=implicit-function-declaration -Werror=pointer-arith   -rdynamic CMakeFiles/cmTC_b2cbf.dir/src.c.o -o cmTC_b2cbf 
/usr/bin/ld : CMakeFiles/cmTC_b2cbf.dir/src.c.o : dans la fonction « main » :
src.c:(.text+0x3e) : référence indéfinie vers « pthread_create »
/usr/bin/ld : src.c:(.text+0x4a) : référence indéfinie vers « pthread_detach »
/usr/bin/ld : src.c:(.text+0x56) : référence indéfinie vers « pthread_cancel »
/usr/bin/ld : src.c:(.text+0x67) : référence indéfinie vers « pthread_join »
collect2: erreur: ld a retourné le statut de sortie 1
make[1]: *** [CMakeFiles/cmTC_b2cbf.dir/build.make:106 : cmTC_b2cbf] Erreur 1
make[1] : on quitte le répertoire « /home/lemome/Projets/tinywings/cmake-build-release/CMakeFiles/CMakeTmp »
make: *** [Makefile:140 : cmTC_b2cbf/fast] Erreur 2


Source file was:
#include <pthread.h>

static void* test_func(void* data)
{
  return data;
}

int main(void)
{
  pthread_t thread;
  pthread_create(&thread, NULL, test_func, NULL);
  pthread_detach(thread);
  pthread_cancel(thread);
  pthread_join(thread, NULL);
  pthread_atfork(NULL, NULL, NULL);
  pthread_exit(NULL);

  return 0;
}

Determining if the function pthread_create exists in the pthreads failed with the following output:
Change Dir: /home/lemome/Projets/tinywings/cmake-build-release/CMakeFiles/CMakeTmp

Run Build Command(s):/usr/bin/make cmTC_16bad/fast && /usr/bin/make  -f CMakeFiles/cmTC_16bad.dir/build.make CMakeFiles/cmTC_16bad.dir/build
make[1] : on entre dans le répertoire « /home/lemome/Projets/tinywings/cmake-build-release/CMakeFiles/CMakeTmp »
Building C object CMakeFiles/cmTC_16bad.dir/CheckFunctionExists.c.o
/usr/bin/cc   -fno-strict-aliasing -Werror=implicit-function-declaration -Werror=pointer-arith  -DCHECK_FUNCTION_EXISTS=pthread_create -std=gnu99 -o CMakeFiles/cmTC_16bad.dir/CheckFunctionExists.c.o -c /home/lemome/.local/share/JetBrains/Toolbox/apps/CLion/ch-0/211.6693.114/bin/cmake/linux/share/cmake-3.19/Modules/CheckFunctionExists.c
Linking C executable cmTC_16bad
/home/lemome/.local/share/JetBrains/Toolbox/apps/CLion/ch-0/211.6693.114/bin/cmake/linux/bin/cmake -E cmake_link_script CMakeFiles/cmTC_16bad.dir/link.txt --verbose=1
/usr/bin/cc -fno-strict-aliasing -Werror=implicit-function-declaration -Werror=pointer-arith  -DCHECK_FUNCTION_EXISTS=pthread_create CMakeFiles/cmTC_16bad.dir/CheckFunctionExists.c.o -o cmTC_16bad  -lpthreads 
/usr/bin/ld : ne peut trouver -lpthreads
collect2: erreur: ld a retourné le statut de sortie 1
make[1]: *** [CMakeFiles/cmTC_16bad.dir/build.make:106 : cmTC_16bad] Erreur 1
make[1] : on quitte le répertoire « /home/lemome/Projets/tinywings/cmake-build-release/CMakeFiles/CMakeTmp »
make: *** [Makefile:140 : cmTC_16bad/fast] Erreur 2



